mode: set
github.com\gnampfelix\grender\geometry\plane.go:16.38,27.2 6 1
github.com\gnampfelix\grender\geometry\plane.go:30.28,32.2 1 1
github.com\gnampfelix\grender\geometry\plane.go:35.28,37.2 1 1
github.com\gnampfelix\grender\geometry\plane.go:40.28,42.2 1 0
github.com\gnampfelix\grender\geometry\plane.go:45.33,47.2 1 1
github.com\gnampfelix\grender\geometry\plane.go:52.28,54.2 1 0
github.com\gnampfelix\grender\geometry\plane.go:56.35,59.2 2 1
github.com\gnampfelix\grender\geometry\ray.go:11.31,18.2 3 1
github.com\gnampfelix\grender\geometry\ray.go:20.26,22.2 1 0
github.com\gnampfelix\grender\geometry\ray.go:24.26,26.2 1 0
github.com\gnampfelix\grender\geometry\ray.go:28.39,33.49 3 1
github.com\gnampfelix\grender\geometry\ray.go:45.2,45.14 1 0
github.com\gnampfelix\grender\geometry\ray.go:33.49,37.13 4 1
github.com\gnampfelix\grender\geometry\ray.go:37.13,43.4 5 1
github.com\gnampfelix\grender\geometry\ray.go:48.42,49.13 1 1
github.com\gnampfelix\grender\geometry\ray.go:52.2,52.59 1 1
github.com\gnampfelix\grender\geometry\ray.go:49.13,51.3 1 0
github.com\gnampfelix\grender\geometry\triangle.go:8.59,15.2 1 1
github.com\gnampfelix\grender\geometry\triangle.go:17.40,19.26 2 1
github.com\gnampfelix\grender\geometry\triangle.go:34.2,34.14 1 0
github.com\gnampfelix\grender\geometry\triangle.go:19.26,30.97 8 1
github.com\gnampfelix\grender\geometry\triangle.go:30.97,32.4 1 1
github.com\gnampfelix\grender\geometry\triangle.go:37.31,39.2 1 0
github.com\gnampfelix\grender\geometry\triangle.go:41.31,43.2 1 0
github.com\gnampfelix\grender\geometry\triangle.go:45.31,47.2 1 0
github.com\gnampfelix\grender\geometry\triangle.go:49.35,51.2 1 0
github.com\gnampfelix\grender\geometry\vector3.go:14.42,20.2 1 1
github.com\gnampfelix\grender\geometry\vector3.go:23.30,25.2 1 1
github.com\gnampfelix\grender\geometry\vector3.go:28.30,30.2 1 1
github.com\gnampfelix\grender\geometry\vector3.go:33.30,35.2 1 1
github.com\gnampfelix\grender\geometry\vector3.go:38.34,42.2 3 1
github.com\gnampfelix\grender\geometry\vector3.go:46.39,50.2 3 1
github.com\gnampfelix\grender\geometry\vector3.go:53.49,57.2 3 1
github.com\gnampfelix\grender\geometry\vector3.go:60.35,63.2 2 1
github.com\gnampfelix\grender\geometry\vector3.go:65.31,68.2 2 1
github.com\gnampfelix\grender\geometry\vector3.go:70.34,72.2 1 0
github.com\gnampfelix\grender\geometry\vector3.go:75.43,80.2 4 1
github.com\gnampfelix\grender\geometry\vector3.go:83.41,89.2 4 1
github.com\gnampfelix\grender\geometry\vector3.go:91.41,95.2 3 1
github.com\gnampfelix\grender\geometry\vector3.go:97.32,100.2 2 0
github.com\gnampfelix\grender\geometry\vector3.go:102.37,105.2 2 1
